2020-12-18 09:51:28 INFO:log:Modelo Generado.
2020-12-18 09:51:39 INFO:log:Empezamos la app...
2020-12-18 09:51:40 INFO:log:Leyendo el config...
2020-12-18 09:51:41 INFO:log:Config leido.
2020-12-18 09:52:49 INFO:log:Fin de la ejecucion.
2020-12-18 09:53:28 INFO:log:Empezamos la app...
2020-12-18 09:53:29 INFO:log:Leyendo el config...
2020-12-18 09:53:30 INFO:log:Config leido.
2020-12-18 09:53:32 INFO:log:Config leido.
2020-12-18 09:53:33 INFO:log:Leyendo los datos...
2020-12-18 09:54:35 ERROR:log:Datos no encontrado en su ruta. Verifica el directorio de data y el config
2020-12-18 09:54:35 ERROR:log:La aplicacion ha petado...
2020-12-18 09:58:09 INFO:log:Empezamos la app...
2020-12-18 09:58:21 INFO:log:Leyendo el config...
2020-12-18 09:58:23 INFO:log:Config leido.
2020-12-18 09:58:24 INFO:log:Config leido.
2020-12-18 09:58:26 INFO:log:Leyendo los datos...
2020-12-18 09:58:39 ERROR:log:Datos no encontrado en su ruta. Verifica el directorio de data y el config
2020-12-18 09:58:39 ERROR:log:La aplicacion ha petado...
2020-12-18 10:00:09 INFO:log:Empezamos la app...
2020-12-18 10:00:10 INFO:log:Leyendo el config...
2020-12-18 10:00:11 INFO:log:Config leido.
2020-12-18 10:00:12 INFO:log:Config leido.
2020-12-18 10:00:13 INFO:log:Leyendo los datos...
2020-12-18 10:00:53 INFO:log:Empezamos la app...
2020-12-18 10:00:54 INFO:log:Leyendo el config...
2020-12-18 10:00:55 INFO:log:Config leido.
2020-12-18 10:00:56 INFO:log:Config leido.
2020-12-18 10:00:57 INFO:log:Leyendo los datos...
2020-12-18 10:01:34 INFO:log:Fin de la ejecucion.
2020-12-18 10:02:00 INFO:log:Empezamos la app...
2020-12-18 10:02:01 INFO:log:Leyendo el config...
2020-12-18 10:02:02 INFO:log:Config leido.
2020-12-18 10:02:03 INFO:log:Config leido.
2020-12-18 10:02:04 INFO:log:Leyendo los datos...
2020-12-18 10:07:30 INFO:log:Empezamos la app...
2020-12-18 10:07:31 INFO:log:Leyendo el config...
2020-12-18 10:07:31 INFO:log:Config leido.
2020-12-18 10:07:46 INFO:log:Config leido.
2020-12-18 10:07:48 INFO:log:Leyendo los datos...
2020-12-18 10:10:40 INFO:log:Empezamos la app...
2020-12-18 10:10:41 INFO:log:Leyendo el config...
2020-12-18 10:10:43 INFO:log:Config leido.
2020-12-18 10:10:49 INFO:log:Config leido.
2020-12-18 10:10:51 INFO:log:Leyendo los datos...
2020-12-18 10:12:37 INFO:log:Fin de la ejecucion.
2020-12-18 10:13:15 INFO:log:Empezamos la app...
2020-12-18 10:13:15 INFO:log:Leyendo el config...
2020-12-18 10:13:17 INFO:log:Config leido.
2020-12-18 10:13:17 INFO:log:Config leido.
2020-12-18 10:13:24 INFO:log:Leyendo los datos...
2020-12-18 10:13:42 INFO:log:Datos leidos.
2020-12-18 10:13:42 INFO:log:Procesando los datos...
2020-12-18 10:13:42 ERROR:log:Les columnes: Country, 1990, 1991, 1992, 1993, 1994, 1995, 1996, 1997, 1998, 1999, 2000, 2001, 2002, 2003, 2004, 2005 no se encuentran en el dataframe!
2020-12-18 10:13:43 ERROR:log:La aplicacion ha petado...
2020-12-18 10:15:31 INFO:log:Empezamos la app...
2020-12-18 10:15:31 INFO:log:Leyendo el config...
2020-12-18 10:15:31 INFO:log:Config leido.
2020-12-18 10:15:31 INFO:log:Config leido.
2020-12-18 10:15:31 INFO:log:Leyendo los datos...
2020-12-18 10:15:31 INFO:log:Datos leidos.
2020-12-18 10:15:31 INFO:log:Procesando los datos...
2020-12-18 10:15:32 ERROR:log:Les columnes: Country, 1990, 1991, 1992, 1993, 1994, 1995, 1996, 1997, 1998, 1999, 2000, 2001, 2002, 2003, 2004, 2005 no se encuentran en el dataframe!
2020-12-18 10:15:32 ERROR:log:La aplicacion ha petado...
2020-12-18 10:15:32 INFO:log:Fin de la ejecucion.
2020-12-18 10:15:55 INFO:log:Empezamos la app...
2020-12-18 10:15:55 INFO:log:Leyendo el config...
2020-12-18 10:15:55 INFO:log:Config leido.
2020-12-18 10:15:55 INFO:log:Config leido.
2020-12-18 10:15:55 INFO:log:Leyendo los datos...
2020-12-18 10:15:55 INFO:log:Datos leidos.
2020-12-18 10:15:55 INFO:log:Procesando los datos...
2020-12-18 10:15:55 ERROR:log:Les columnes: Country, 1990, 1991, 1992, 1993, 1994, 1995, 1996, 1997, 1998, 1999, 2000, 2001, 2002, 2003, 2004, 2005 no se encuentran en el dataframe!
2020-12-18 10:15:55 ERROR:log:La aplicacion ha petado...
2020-12-18 10:15:55 INFO:log:Fin de la ejecucion.
2020-12-18 10:16:43 INFO:log:Empezamos la app...
2020-12-18 10:16:43 INFO:log:Leyendo el config...
2020-12-18 10:16:43 INFO:log:Config leido.
2020-12-18 10:16:43 INFO:log:Config leido.
2020-12-18 10:16:43 INFO:log:Leyendo los datos...
2020-12-18 10:16:43 INFO:log:Datos leidos.
2020-12-18 10:16:43 INFO:log:Procesando los datos...
2020-12-18 10:16:43 ERROR:log:Les columnes: Country, 1990, 1991, 1992, 1993, 1994, 1995, 1996, 1997, 1998, 1999, 2000, 2001, 2002, 2003, 2004, 2005 no se encuentran en el dataframe!
2020-12-18 10:16:43 ERROR:log:La aplicacion ha petado...
2020-12-18 10:16:43 INFO:log:Fin de la ejecucion.
2020-12-18 10:18:07 INFO:log:Empezamos la app...
2020-12-18 10:18:07 INFO:log:Leyendo el config...
2020-12-18 10:18:09 INFO:log:Config leido.
2020-12-18 10:18:09 INFO:log:Config leido.
2020-12-18 10:18:10 INFO:log:Leyendo los datos...
2020-12-18 10:18:44 INFO:log:Datos leidos.
2020-12-18 10:22:59 INFO:log:Fin de la ejecucion.
2020-12-18 10:26:48 INFO:log:Empezamos la app...
2020-12-18 10:26:54 INFO:log:Leyendo el config...
2020-12-18 10:26:55 INFO:log:Config leido.
2020-12-18 10:26:56 INFO:log:Config leido.
2020-12-18 10:27:15 INFO:log:Fin de la ejecucion.
2020-12-18 10:27:55 INFO:log:Empezamos la app...
2020-12-18 10:27:56 INFO:log:Leyendo el config...
2020-12-18 10:27:57 INFO:log:Config leido.
2020-12-18 10:27:57 INFO:log:Config leido.
2020-12-18 10:27:58 INFO:log:Leyendo los datos...
2020-12-18 10:31:26 INFO:log:Fin de la ejecucion.
2020-12-18 10:54:26 INFO:log:Empezamos la app...
2020-12-18 10:54:27 INFO:log:Leyendo el config...
2020-12-18 10:54:27 INFO:log:Config leido.
2020-12-18 10:54:28 INFO:log:Config leido.
2020-12-18 10:54:29 INFO:log:Leyendo los datos...
2020-12-18 11:02:56 INFO:log:Empezamos la app...
2020-12-18 11:02:57 INFO:log:Leyendo el config...
2020-12-18 11:02:58 INFO:log:Config leido.
2020-12-18 11:02:59 INFO:log:Config leido.
2020-12-18 11:03:00 INFO:log:Leyendo los datos...
2020-12-18 11:48:10 INFO:log:Empezamos la app...
2020-12-18 11:48:11 INFO:log:Leyendo el config...
2020-12-18 11:48:11 INFO:log:Config leido.
2020-12-18 11:48:12 INFO:log:Config leido.
2020-12-18 11:48:12 INFO:log:Leyendo los datos...
2020-12-20 15:45:48 INFO:log:Empezamos la app...
2020-12-20 15:45:49 INFO:log:Leyendo el config...
2020-12-20 15:45:50 INFO:log:Config leido.
2020-12-20 15:45:53 INFO:log:Config leido.
2020-12-20 15:45:54 INFO:log:Leyendo los datos...
2020-12-20 15:45:58 INFO:log:Datos leidos.
2020-12-20 15:46:12 INFO:log:Fin de la ejecucion.
2020-12-20 15:46:55 INFO:log:Empezamos la app...
2020-12-20 15:46:56 INFO:log:Leyendo el config...
2020-12-20 15:46:57 INFO:log:Config leido.
2020-12-20 15:46:58 INFO:log:Config leido.
2020-12-20 15:46:59 INFO:log:Leyendo los datos...
2020-12-20 15:47:01 INFO:log:Datos leidos.
2020-12-20 15:47:02 INFO:log:Procesando los datos...
2020-12-20 15:50:00 INFO:log:Empezamos la app...
2020-12-20 15:50:01 INFO:log:Leyendo el config...
2020-12-20 15:50:02 INFO:log:Config leido.
2020-12-20 15:50:03 INFO:log:Config leido.
2020-12-20 15:50:04 INFO:log:Leyendo los datos...
2020-12-20 15:50:06 INFO:log:Datos leidos.
2020-12-20 15:50:07 INFO:log:Procesando los datos...
2020-12-20 15:52:47 INFO:log:Empezamos la app...
2020-12-20 15:52:48 INFO:log:Leyendo el config...
2020-12-20 15:52:48 INFO:log:Config leido.
2020-12-20 15:52:49 INFO:log:Config leido.
2020-12-20 15:52:50 INFO:log:Leyendo los datos...
2020-12-20 15:52:51 INFO:log:Datos leidos.
2020-12-20 15:52:52 INFO:log:Procesando los datos...
2020-12-20 15:53:51 INFO:log:Fin de la ejecucion.
2020-12-20 20:53:17 INFO:log:Empezamos la app...
2020-12-20 20:53:18 INFO:log:Leyendo el config...
2020-12-20 20:53:24 INFO:log:Config leido.
2020-12-20 20:53:25 INFO:log:Config leido.
2020-12-20 20:53:26 INFO:log:Leyendo los datos...
2020-12-20 20:53:43 INFO:log:Datos leidos.
2020-12-20 20:53:45 INFO:log:Procesando los datos...
2020-12-20 20:53:56 INFO:log:Datos procesados.
2020-12-20 20:53:57 INFO:log:Generando modelo...
2020-12-20 21:07:44 INFO:log:Empezamos la app...
2020-12-20 21:07:45 INFO:log:Leyendo el config...
2020-12-20 21:07:47 INFO:log:Config leido.
2020-12-20 21:07:51 INFO:log:Config leido.
2020-12-20 21:07:53 INFO:log:Leyendo los datos...
2020-12-20 21:08:06 INFO:log:Datos leidos.
2020-12-20 21:08:08 INFO:log:Procesando los datos...
2020-12-20 21:08:19 INFO:log:Datos procesados.
2020-12-20 21:08:20 INFO:log:Generando modelo...
2020-12-20 21:09:51 INFO:log:Modelo Generado.
2020-12-20 21:10:50 INFO:log:Fin de la ejecucion.
2020-12-20 21:17:00 INFO:log:Empezamos la app...
2020-12-20 21:17:00 INFO:log:Leyendo el config...
2020-12-20 21:17:01 INFO:log:Config leido.
2020-12-20 21:17:01 INFO:log:Config leido.
2020-12-20 21:17:02 INFO:log:Leyendo los datos...
2020-12-20 21:17:03 INFO:log:Datos leidos.
2020-12-20 21:17:03 INFO:log:Procesando los datos...
2020-12-20 21:17:51 INFO:log:Datos procesados.
2020-12-20 21:17:55 INFO:log:Generando modelo...
2020-12-20 21:21:56 INFO:log:Empezamos la app...
2020-12-20 21:21:56 INFO:log:Leyendo el config...
2020-12-20 21:21:56 INFO:log:Config leido.
2020-12-20 21:21:56 INFO:log:Config leido.
2020-12-20 21:21:56 INFO:log:Leyendo los datos...
2020-12-20 21:21:56 INFO:log:Datos leidos.
2020-12-20 21:21:56 INFO:log:Procesando los datos...
2020-12-20 21:22:23 ERROR:log:La aplicacion ha petado...
2020-12-20 21:22:23 INFO:log:Fin de la ejecucion.
2020-12-20 21:22:37 INFO:log:Empezamos la app...
2020-12-20 21:22:37 INFO:log:Leyendo el config...
2020-12-20 21:22:38 INFO:log:Config leido.
2020-12-20 21:22:38 INFO:log:Config leido.
2020-12-20 21:22:38 INFO:log:Leyendo los datos...
2020-12-20 21:22:38 INFO:log:Datos leidos.
2020-12-20 21:22:38 INFO:log:Procesando los datos...
2020-12-20 21:22:47 ERROR:log:La aplicacion ha petado...
2020-12-20 21:22:47 INFO:log:Fin de la ejecucion.
2020-12-20 21:23:08 INFO:log:Empezamos la app...
2020-12-20 21:23:08 INFO:log:Leyendo el config...
2020-12-20 21:23:08 INFO:log:Config leido.
2020-12-20 21:23:08 INFO:log:Config leido.
2020-12-20 21:23:08 INFO:log:Leyendo los datos...
2020-12-20 21:23:08 INFO:log:Datos leidos.
2020-12-20 21:23:08 INFO:log:Procesando los datos...
2020-12-20 21:23:16 ERROR:log:La aplicacion ha petado...
2020-12-20 21:23:16 INFO:log:Fin de la ejecucion.
2020-12-20 21:23:35 INFO:log:Empezamos la app...
2020-12-20 21:23:35 INFO:log:Leyendo el config...
2020-12-20 21:23:35 INFO:log:Config leido.
2020-12-20 21:23:35 INFO:log:Config leido.
2020-12-20 21:23:35 INFO:log:Leyendo los datos...
2020-12-20 21:23:36 INFO:log:Datos leidos.
2020-12-20 21:23:36 INFO:log:Procesando los datos...
2020-12-20 21:24:52 INFO:log:Fin de la ejecucion.
2020-12-20 21:26:58 INFO:log:Empezamos la app...
2020-12-20 21:26:58 INFO:log:Leyendo el config...
2020-12-20 21:26:58 INFO:log:Config leido.
2020-12-20 21:26:58 INFO:log:Config leido.
2020-12-20 21:26:58 INFO:log:Leyendo los datos...
2020-12-20 21:26:58 INFO:log:Datos leidos.
2020-12-20 21:26:58 INFO:log:Procesando los datos...
2020-12-20 21:30:04 INFO:log:Fin de la ejecucion.
2020-12-20 21:30:50 INFO:log:Empezamos la app...
2020-12-20 21:30:50 INFO:log:Leyendo el config...
2020-12-20 21:30:50 INFO:log:Config leido.
2020-12-20 21:30:50 INFO:log:Config leido.
2020-12-20 21:30:50 INFO:log:Leyendo los datos...
2020-12-20 21:30:50 INFO:log:Datos leidos.
2020-12-20 21:30:50 INFO:log:Procesando los datos...
2020-12-20 21:31:42 INFO:log:Fin de la ejecucion.
2020-12-20 21:32:03 INFO:log:Empezamos la app...
2020-12-20 21:32:03 INFO:log:Leyendo el config...
2020-12-20 21:32:03 INFO:log:Config leido.
2020-12-20 21:32:03 INFO:log:Config leido.
2020-12-20 21:32:03 INFO:log:Leyendo los datos...
2020-12-20 21:32:03 INFO:log:Datos leidos.
2020-12-20 21:32:03 INFO:log:Procesando los datos...
2020-12-20 21:33:23 INFO:log:Datos procesados.
2020-12-20 21:33:23 INFO:log:Generando modelo...
2020-12-20 21:34:32 INFO:log:Fin de la ejecucion.
2020-12-20 21:34:38 INFO:log:Empezamos la app...
2020-12-20 21:34:38 INFO:log:Leyendo el config...
2020-12-20 21:34:38 INFO:log:Config leido.
2020-12-20 21:34:38 INFO:log:Config leido.
2020-12-20 21:34:38 INFO:log:Leyendo los datos...
2020-12-20 21:34:38 INFO:log:Datos leidos.
2020-12-20 21:34:38 INFO:log:Procesando los datos...
2020-12-20 21:36:51 INFO:log:Fin de la ejecucion.
2020-12-20 21:37:15 INFO:log:Empezamos la app...
2020-12-20 21:37:15 INFO:log:Leyendo el config...
2020-12-20 21:37:16 INFO:log:Config leido.
2020-12-20 21:37:16 INFO:log:Config leido.
2020-12-20 21:37:16 INFO:log:Leyendo los datos...
2020-12-20 21:37:16 INFO:log:Datos leidos.
2020-12-20 21:37:16 INFO:log:Procesando los datos...
2020-12-20 21:37:29 ERROR:log:La aplicacion ha petado...
2020-12-20 21:37:29 INFO:log:Fin de la ejecucion.
2020-12-20 21:37:39 INFO:log:Empezamos la app...
2020-12-20 21:37:39 INFO:log:Leyendo el config...
2020-12-20 21:37:39 INFO:log:Config leido.
2020-12-20 21:37:40 INFO:log:Config leido.
2020-12-20 21:37:40 INFO:log:Leyendo los datos...
2020-12-20 21:37:40 INFO:log:Datos leidos.
2020-12-20 21:37:40 INFO:log:Procesando los datos...
2020-12-20 21:38:19 INFO:log:Fin de la ejecucion.
2020-12-20 21:38:42 INFO:log:Empezamos la app...
2020-12-20 21:38:42 INFO:log:Leyendo el config...
2020-12-20 21:38:42 INFO:log:Config leido.
2020-12-20 21:38:42 INFO:log:Config leido.
2020-12-20 21:38:42 INFO:log:Leyendo los datos...
2020-12-20 21:38:42 INFO:log:Datos leidos.
2020-12-20 21:38:42 INFO:log:Procesando los datos...
2020-12-20 21:42:54 INFO:log:Fin de la ejecucion.
2020-12-20 21:44:23 INFO:log:Empezamos la app...
2020-12-20 21:44:23 INFO:log:Leyendo el config...
2020-12-20 21:44:24 INFO:log:Config leido.
2020-12-20 21:44:24 INFO:log:Config leido.
2020-12-20 21:44:24 INFO:log:Leyendo los datos...
2020-12-20 21:44:24 INFO:log:Datos leidos.
2020-12-20 21:44:24 INFO:log:Procesando los datos...
2020-12-20 21:44:35 INFO:log:Datos procesados.
2020-12-20 21:44:35 INFO:log:Generando modelo...
2020-12-20 21:45:34 INFO:log:Fin de la ejecucion.
2020-12-21 17:34:31 INFO:log:Empezamos la app...
2020-12-21 17:34:31 INFO:log:Leyendo el config...
2020-12-21 17:34:32 INFO:log:Config leido.
2020-12-21 17:34:33 INFO:log:Config leido.
2020-12-21 17:34:33 INFO:log:Leyendo los datos...
2020-12-21 17:34:35 INFO:log:Datos leidos.
2020-12-21 17:34:36 INFO:log:Procesando los datos...
2020-12-21 17:34:46 INFO:log:Datos procesados.
2020-12-21 17:34:47 INFO:log:Generando modelo...
2020-12-21 17:34:49 ERROR:log:La aplicacion ha petado...
2020-12-21 17:36:09 INFO:log:Empezamos la app...
2020-12-21 17:36:09 INFO:log:Leyendo el config...
2020-12-21 17:36:10 INFO:log:Config leido.
2020-12-21 17:36:10 INFO:log:Config leido.
2020-12-21 17:36:10 INFO:log:Leyendo los datos...
2020-12-21 17:36:11 INFO:log:Datos leidos.
2020-12-21 17:36:11 INFO:log:Procesando los datos...
2020-12-21 17:36:12 INFO:log:Datos procesados.
2020-12-21 17:36:12 INFO:log:Generando modelo...
2020-12-21 17:36:21 ERROR:log:La aplicacion ha petado...
2020-12-21 17:37:04 INFO:log:Empezamos la app...
2020-12-21 17:37:04 INFO:log:Leyendo el config...
2020-12-21 17:37:05 INFO:log:Config leido.
2020-12-21 17:37:05 INFO:log:Config leido.
2020-12-21 17:37:05 INFO:log:Leyendo los datos...
2020-12-21 17:37:06 INFO:log:Datos leidos.
2020-12-21 17:37:06 INFO:log:Procesando los datos...
2020-12-21 17:37:07 INFO:log:Datos procesados.
2020-12-21 17:37:08 INFO:log:Generando modelo...
2020-12-21 17:38:12 INFO:log:Empezamos la app...
2020-12-21 17:38:12 INFO:log:Leyendo el config...
2020-12-21 17:38:13 INFO:log:Config leido.
2020-12-21 17:38:13 INFO:log:Config leido.
2020-12-21 17:38:13 INFO:log:Leyendo los datos...
2020-12-21 17:38:15 INFO:log:Datos leidos.
2020-12-21 17:38:15 INFO:log:Procesando los datos...
2020-12-21 17:38:16 INFO:log:Datos procesados.
2020-12-21 17:38:16 INFO:log:Generando modelo...
2020-12-21 17:42:14 INFO:log:Fin de la ejecucion.
2020-12-21 17:44:56 INFO:log:Empezamos la app...
2020-12-21 17:44:56 INFO:log:Leyendo el config...
2020-12-21 17:44:56 INFO:log:Config leido.
2020-12-21 17:44:57 INFO:log:Config leido.
2020-12-21 17:44:57 INFO:log:Leyendo los datos...
2020-12-21 17:44:58 INFO:log:Datos leidos.
2020-12-21 17:44:58 INFO:log:Procesando los datos...
2020-12-21 17:44:59 INFO:log:Datos procesados.
2020-12-21 17:44:59 INFO:log:Generando modelo...
2020-12-21 17:45:00 INFO:log:Modelo Generado.
2020-12-21 17:45:00 INFO:log:Generando output..ne.
2020-12-21 17:45:41 INFO:log:Output generado.
2020-12-21 17:45:42 INFO:log:Fin de la ejecucion.
2020-12-21 17:49:14 INFO:log:Empezamos la app...
2020-12-21 17:49:14 INFO:log:Leyendo el config...
2020-12-21 17:49:15 INFO:log:Config leido.
2020-12-21 17:49:16 INFO:log:Config leido.
2020-12-21 17:49:18 INFO:log:Leyendo los datos...
2020-12-21 17:49:21 INFO:log:Datos leidos.
2020-12-21 17:49:22 INFO:log:Procesando los datos...
2020-12-21 17:49:32 INFO:log:Datos procesados.
2020-12-21 17:49:33 INFO:log:Generando modelo...
2020-12-21 17:49:35 INFO:log:Modelo Generado.
2020-12-21 17:49:36 INFO:log:Generando output..ne.
2020-12-21 17:52:16 INFO:log:Empezamos la app...
2020-12-21 17:52:17 INFO:log:Leyendo el config...
2020-12-21 17:52:17 INFO:log:Config leido.
2020-12-21 17:52:18 INFO:log:Config leido.
2020-12-21 17:52:18 INFO:log:Leyendo los datos...
2020-12-21 17:52:19 INFO:log:Datos leidos.
2020-12-21 17:52:20 INFO:log:Procesando los datos...
2020-12-21 17:52:21 INFO:log:Datos procesados.
2020-12-21 17:52:22 INFO:log:Generando modelo...
2020-12-21 17:52:24 INFO:log:Modelo Generado.
2020-12-21 17:52:28 INFO:log:Generando output..ne.
2020-12-21 17:52:47 INFO:log:Output generado.
2020-12-21 17:52:49 INFO:log:Fin de la ejecucion.
2020-12-21 17:54:21 INFO:log:Empezamos la app...
2020-12-21 17:54:22 INFO:log:Leyendo el config...
2020-12-21 17:54:23 INFO:log:Config leido.
2020-12-21 17:54:24 INFO:log:Config leido.
2020-12-21 17:54:25 INFO:log:Leyendo los datos...
2020-12-21 17:54:36 INFO:log:Datos leidos.
2020-12-21 17:54:37 INFO:log:Procesando los datos...
2020-12-21 17:54:54 INFO:log:Fin de la ejecucion.
2020-12-21 17:56:11 INFO:log:Empezamos la app...
2020-12-21 17:56:12 INFO:log:Leyendo el config...
2020-12-21 17:56:12 INFO:log:Config leido.
2020-12-21 17:56:12 INFO:log:Config leido.
2020-12-21 17:56:12 INFO:log:Leyendo los datos...
2020-12-21 17:56:17 INFO:log:Datos leidos.
2020-12-21 17:56:18 INFO:log:Procesando los datos...
2020-12-21 17:56:29 INFO:log:Fin de la ejecucion.
2020-12-21 17:57:16 INFO:log:Empezamos la app...
2020-12-21 17:57:18 INFO:log:Leyendo el config...
2020-12-21 17:57:19 INFO:log:Config leido.
2020-12-21 17:57:19 INFO:log:Config leido.
2020-12-21 17:57:20 INFO:log:Leyendo los datos...
2020-12-21 17:57:22 INFO:log:Datos leidos.
2020-12-21 17:57:24 INFO:log:Procesando los datos...
2020-12-21 17:58:29 INFO:log:Empezamos la app...
2020-12-21 17:58:30 INFO:log:Leyendo el config...
2020-12-21 17:58:30 INFO:log:Config leido.
2020-12-21 17:58:30 INFO:log:Config leido.
2020-12-21 17:58:31 INFO:log:Leyendo los datos...
2020-12-21 17:58:33 INFO:log:Datos leidos.
2020-12-21 17:58:33 INFO:log:Procesando los datos...
2020-12-21 18:00:53 INFO:log:Empezamos la app...
2020-12-21 18:00:53 INFO:log:Leyendo el config...
2020-12-21 18:00:54 INFO:log:Config leido.
2020-12-21 18:00:54 INFO:log:Config leido.
2020-12-21 18:00:54 INFO:log:Leyendo los datos...
2020-12-21 18:00:55 INFO:log:Datos leidos.
2020-12-21 18:00:55 INFO:log:Procesando los datos...
2020-12-21 18:00:56 INFO:log:Datos procesados.
2020-12-21 18:00:57 INFO:log:Generando modelo...
2020-12-21 18:00:57 INFO:log:Modelo Generado.
2020-12-21 18:01:00 INFO:log:Generando output..ne.
2020-12-21 18:01:02 INFO:log:Output generado.
2020-12-21 18:01:04 INFO:log:Fin de la ejecucion.
